[91m#################################################
[0m[31mTreeHue[0m
[31m├── [32mindex.html[0m
[31m├── [34mdist[0m
[31m│   ├── [32mTreeHue-0.0.3-py3.9.egg[0m
[31m│   └── [32mTreeHue-0.0.3.tar.gz[0m
[31m├── [34mTreeHue.egg-info[0m
[31m│   ├── [32mPKG-INFO[0m
[31m│   ├── [32mSOURCES.txt[0m
[31m│   ├── [32mrequires.txt[0m
[31m│   ├── [32mtop_level.txt[0m
[31m│   └── [32mdependency_links.txt[0m
[31m├── [34m__pycache__[0m
[31m│   ├── [32mtree_colored.cpython-39.pyc[0m
[31m│   └── [32mtree.cpython-39.pyc[0m
[31m├── [32mREADME.md[0m
[31m├── [32mshowdown.min.js[0m
[31m├── [32msetup.py[0m
[31m├── [34mfigures[0m
[31m│   ├── [32mEducation_white_background.png[0m
[31m│   ├── [32mEducation,_Studying,_University,_Alumni_-_icon.png[0m
[31m│   ├── [32mEducation_black_background.png[0m
[31m│   ├── [32mTreeHue.png[0m
[31m│   ├── [32mTreeHue_Screenshot.png[0m
[31m│   ├── [32mcc_logo.png[0m
[31m│   ├── [32mEducation_black_background-removebg.png[0m
[31m│   └── [32mPEP8-StyleGuide.jpg[0m
[31m├── [34m.github[0m
[31m│   └── [34mworkflows[0m
[31m│       ├── [32mpylint.yml[0m
[31m│       └── [32mmain.yml[0m
[31m├── [34mTreeHue_conda[0m
[31m│   ├── [34mlinux-64[0m
[31m│   │   └── [32mtreehue-0.0.3-py39_0.tar.bz2[0m
[31m│   ├── [34mosx-64[0m
[31m│   │   └── [32mtreehue-0.0.3-py39_0.tar.bz2[0m
[31m│   ├── [34mwin-32[0m
[31m│   │   └── [32mtreehue-0.0.3-py39_0.tar.bz2[0m
[31m│   ├── [34mlinux-aarch64[0m
[31m│   │   └── [32mtreehue-0.0.3-py39_0.tar.bz2[0m
[31m│   ├── [34mlinux-armv6l[0m
[31m│   │   └── [32mtreehue-0.0.3-py39_0.tar.bz2[0m
[31m│   ├── [34mosx-arm64[0m
[31m│   │   └── [32mtreehue-0.0.3-py39_0.tar.bz2[0m
[31m│   ├── [34mlinux-32[0m
[31m│   │   └── [32mtreehue-0.0.3-py39_0.tar.bz2[0m
[31m│   ├── [32mREADME.md[0m
[31m│   ├── [34mlinux-armv7l[0m
[31m│   │   └── [32mtreehue-0.0.3-py39_0.tar.bz2[0m
[31m│   ├── [34mwin-64[0m
[31m│   │   └── [32mtreehue-0.0.3-py39_0.tar.bz2[0m
[31m│   ├── [34mlinux-ppc64[0m
[31m│   │   └── [32mtreehue-0.0.3-py39_0.tar.bz2[0m
[31m│   ├── [34mwin-arm64[0m
[31m│   │   └── [32mtreehue-0.0.3-py39_0.tar.bz2[0m
[31m│   ├── [32mmeta.yaml[0m
[31m│   ├── [34mlinux-ppc64le[0m
[31m│   │   └── [32mtreehue-0.0.3-py39_0.tar.bz2[0m
[31m│   └── [34mlinux-s390x[0m
[31m│       └── [32mtreehue-0.0.3-py39_0.tar.bz2[0m
[31m├── [34mbuild[0m
[31m│   ├── [34mbdist.macosx-11.1-arm64[0m
[31m│   └── [34mlib[0m
[31m│       └── [34mTreeHue[0m
[31m│           ├── [32mtreehue.py[0m
[31m│           ├── [32m__init__.py[0m
[31m│           └── [32mtreehue_colored.py[0m
[31m├── [32mversion.txt[0m
[31m├── [34m.git[0m
[31m│   ├── [32mORIG_HEAD[0m
[31m│   ├── [32mconfig[0m
[31m│   ├── [34mobjects[0m
[31m│   │   ├── [34m61[0m
[31m│   │   │   └── [32mc88ece72aebbf0dd7f5e40c112aa4df82dfbeb[0m
[31m│   │   ├── [34m0d[0m
[31m│   │   │   └── [32m1e46b6940a384e90f57a34b16f08d7b0321150[0m
[31m│   │   ├── [34m0c[0m
[31m│   │   │   └── [32m612289290af5aa7f09b51168dc2394f3791a8f[0m
[31m│   │   ├── [34m3b[0m
[31m│   │   │   ├── [32md3b5a80009b500e3e466ba237cbd6b49c60ec5[0m
[31m│   │   │   └── [32mc9b77a099f53bcba1b21baf0637b3af5eee26d[0m
[31m│   │   ├── [34m6f[0m
[31m│   │   │   └── [32mbda588ec86a733ea35fcd2b48531fe08e08aed[0m
[31m│   │   ├── [34m03[0m
[31m│   │   │   └── [32m6b798403466f33f449a2ea2038fd3295434d5e[0m
[31m│   │   ├── [34m69[0m
[31m│   │   │   ├── [32m37cfc0969ec53e3e663807c206d0c0e76bc849[0m
[31m│   │   │   └── [32m10a33a2173e3a6992d9b9e9dd8beb44b6d2ff5[0m
[31m│   │   ├── [34m51[0m
[31m│   │   │   └── [32m855c823893861166536855f4a30cc71d21e172[0m
[31m│   │   ├── [34m67[0m
[31m│   │   │   └── [32m1fc05020a02737f595b3128e8c37761772575e[0m
[31m│   │   ├── [34m94[0m
[31m│   │   │   └── [32mc5a7893e1dedfb36ad1b6eb62edfee9a41e1b7[0m
[31m│   │   ├── [34m0e[0m
[31m│   │   │   └── [32m31470f1e9dfc5a7dc4fe5bd6495cea7d2ac437[0m
[31m│   │   ├── [34m33[0m
[31m│   │   │   └── [32m75323ce91e874bdeccc98701061d336771bc50[0m
[31m│   │   ├── [34m05[0m
[31m│   │   │   └── [32me36c58292b7a104c8d8ab917b0d682638ae6a0[0m
[31m│   │   ├── [34ma3[0m
[31m│   │   │   └── [32m51af66552b6daaa984aa95a669e0b44f879abc[0m
[31m│   │   ├── [34mb5[0m
[31m│   │   │   └── [32m2d09afbd1b39082f77dacdf7b005816be2cccf[0m
[31m│   │   ├── [34mdf[0m
[31m│   │   │   └── [32mb7164db488b6a4ec7ded9f057ad9051eb049f8[0m
[31m│   │   ├── [34mda[0m
[31m│   │   │   └── [32mae2b07bef9c04cfc469eaf3585e2c1a080f4b1[0m
[31m│   │   ├── [34mb4[0m
[31m│   │   │   └── [32m69a80b4c105fd028dbba771295a6828eb0ee4c[0m
[31m│   │   ├── [34ma5[0m
[31m│   │   │   ├── [32mf6d8ed5d4f0be2093c2e8cdf201ab44ead3ac3[0m
[31m│   │   │   └── [32m7693046b0661870c3e9bf1055c6abb0343b3f5[0m
[31m│   │   ├── [34md1[0m
[31m│   │   │   └── [32m631cb3a0686d440b5364d06325fe8164181ac2[0m
[31m│   │   ├── [34md6[0m
[31m│   │   │   └── [32m26cc71ab0c5b642e18154773f3294a09c34728[0m
[31m│   │   ├── [34mbc[0m
[31m│   │   │   ├── [32mab45af15a0f1b0166daf8cbf18b17cd8649277[0m
[31m│   │   │   └── [32m7379c0a93598abf00b9449ed2d79e5cc137160[0m
[31m│   │   ├── [34mae[0m
[31m│   │   │   └── [32mda3810db29a2c0315b962ab848e8398982593d[0m
[31m│   │   ├── [34md8[0m
[31m│   │   │   └── [32mee9459d61e2682c58132a35beea724ac296d5c[0m
[31m│   │   ├── [34me2[0m
[31m│   │   │   └── [32m5a8e6d9a04cea70b1f7d7c9115163aa160fab5[0m
[31m│   │   ├── [34mf4[0m
[31m│   │   │   ├── [32m8d38249f5c0c8f7b6eff6dfac8043dbbe807f2[0m
[31m│   │   │   └── [32m39f88e20fc352766b47d78d7eb67aec09bfed9[0m
[31m│   │   ├── [34meb[0m
[31m│   │   │   └── [32m49d4abd0eb88a6069eb9056caa4ed7a712137f[0m
[31m│   │   ├── [34mc0[0m
[31m│   │   │   └── [32mb1d030d6a60bad0b7774219069bf6695dc7ebd[0m
[31m│   │   ├── [34mee[0m
[31m│   │   │   └── [32m467afd4ca2b659318a0e223a4826fe4f1853c2[0m
[31m│   │   ├── [34mc9[0m
[31m│   │   │   └── [32m01b15d5e0b6168d3fec083b5e3e0cc6ceed184[0m
[31m│   │   ├── [34mf5[0m
[31m│   │   │   └── [32m6b034a3e2e3820180dc484cf6bea060087c358[0m
[31m│   │   ├── [34mfe[0m
[31m│   │   │   └── [32m5e812e4b1d97f2172e82ae9dc27bbd1fecae55[0m
[31m│   │   ├── [34mc8[0m
[31m│   │   │   └── [32m15479fd2d975b6f8ed830c94381c5d51efc472[0m
[31m│   │   ├── [34med[0m
[31m│   │   │   ├── [32m8ebf583f771da9150c35db3955987b7d757904[0m
[31m│   │   │   └── [32m787e0680f8c5a04be3de4e2066995421513baf[0m
[31m│   │   ├── [34mc1[0m
[31m│   │   │   └── [32m284539918de9e3fe0f9dcd17808463e17e1481[0m
[31m│   │   ├── [34mc6[0m
[31m│   │   │   └── [32m1f415dc5ef939560eead92dab3d5f76416a0b9[0m
[31m│   │   ├── [34m4e[0m
[31m│   │   │   └── [32mce8ecaf2c1425902c5bc3e6c86d5af5288a8b8[0m
[31m│   │   ├── [34m20[0m
[31m│   │   │   └── [32m5a4a0176c2f41e53e98ec523c2b533c540d7a9[0m
[31m│   │   ├── [34mpack[0m
[31m│   │   │   ├── [32mpack-674064f13894fc4489997cae87c06606644f2d19.pack[0m
[31m│   │   │   ├── [32mpack-10473bfc7412f4b7dc651d9c03472fa7fa4d51f7.rev[0m
[31m│   │   │   ├── [32mpack-674064f13894fc4489997cae87c06606644f2d19.idx[0m
[31m│   │   │   ├── [32mpack-10473bfc7412f4b7dc651d9c03472fa7fa4d51f7.idx[0m
[31m│   │   │   ├── [32mpack-674064f13894fc4489997cae87c06606644f2d19.rev[0m
[31m│   │   │   └── [32mpack-10473bfc7412f4b7dc651d9c03472fa7fa4d51f7.pack[0m
[31m│   │   ├── [34m7c[0m
[31m│   │   │   └── [32ma656c5eb9e654ccdce7e318f8d6beed5eba872[0m
[31m│   │   ├── [34m42[0m
[31m│   │   │   └── [32m68430b645889d28100a57891f1c0e589b7c1cd[0m
[31m│   │   ├── [34m89[0m
[31m│   │   │   └── [32m2f612378d5a27a26e10db67eab2a3552b9949f[0m
[31m│   │   ├── [34m1f[0m
[31m│   │   │   ├── [32m1ec6244f7bf6106b10b46a33ac1b8ec6d07383[0m
[31m│   │   │   └── [32macfbac556f8e938d75ba6e53d8be00eb5c2ae6[0m
[31m│   │   ├── [34m73[0m
[31m│   │   │   ├── [32mfc3aaf2a8124fbdf1039f26e4fa82df56b2519[0m
[31m│   │   │   └── [32m81d09fd1f43c1beaeaedcb86a9f1f07016e628[0m
[31m│   │   ├── [34m80[0m
[31m│   │   │   └── [32m4b5031750c3076e27096ca29bf728901d8fe6d[0m
[31m│   │   ├── [34m8f[0m
[31m│   │   │   └── [32mb153bfea667638ad722cd5241502797e198430[0m
[31m│   │   ├── [34m8a[0m
[31m│   │   │   └── [32m8e716459b223cce4dd5aa3de87ad9ac3dd1e9a[0m
[31m│   │   ├── [34m7e[0m
[31m│   │   │   └── [32mdcc81ee4578b3eb1c88177f72eb3fcb318e034[0m
[31m│   │   ├── [34m19[0m
[31m│   │   │   └── [32m814dbdc0c539db50a0b2f8518353d5d5d44d99[0m
[31m│   │   ├── [34m21[0m
[31m│   │   │   └── [32mf27e4554aacede0f83afede078fc23aa15a097[0m
[31m│   │   ├── [34m86[0m
[31m│   │   │   └── [32mf0a3cb9d107a388098cece409ca7c1b64a052e[0m
[31m│   │   ├── [34m44[0m
[31m│   │   │   └── [32mf6f369c624e49362c1f1a8acf3a24dec8bf725[0m
[31m│   │   ├── [34m2f[0m
[31m│   │   │   └── [32mf0418df7d6c2cc93e1f50ec3d58efcd170e76c[0m
[31m│   │   ├── [34m43[0m
[31m│   │   │   ├── [32mf6330e339ac0b51ca762e3125ae7c80de81292[0m
[31m│   │   │   └── [32mbfbb1566ddb15680cde156864e243bd9f7282a[0m
[31m│   │   ├── [34m88[0m
[31m│   │   │   └── [32m717db6c7ed3b1c60fffe9b5e3eab413c75803a[0m
[31m│   │   ├── [34m9f[0m
[31m│   │   │   └── [32m8a4ec77f6494f54ad120894ee4b20efe9cf908[0m
[31m│   │   ├── [34m6b[0m
[31m│   │   │   └── [32m235cfec2aa3378fa28a0c3f0b53bf2799e0a33[0m
[31m│   │   ├── [34m07[0m
[31m│   │   │   └── [32me84a15473342e5417a4a27cf05110adb4b301f[0m
[31m│   │   ├── [34m9a[0m
[31m│   │   │   └── [32m666ea0f13a1f7e77fd56ada39a8ec927425618[0m
[31m│   │   ├── [34m36[0m
[31m│   │   │   └── [32mc87f28b7ecb85820302d56fdab8c8fef5f8a37[0m
[31m│   │   ├── [34m31[0m
[31m│   │   │   └── [32mf2dda99c98d0ac09226faf1b9d4929f0d6abbe[0m
[31m│   │   ├── [34minfo[0m
[31m│   │   ├── [34m30[0m
[31m│   │   │   └── [32m191e5af9da590054a24542068750f0cada7de9[0m
[31m│   │   ├── [34m37[0m
[31m│   │   │   └── [32mfb89e42a97986aaf797bd5b3d3d6934e2b0f01[0m
[31m│   │   ├── [34m08[0m
[31m│   │   │   └── [32me179498e0305aec6987662a3bb67a071e7acc4[0m
[31m│   │   ├── [34m6d[0m
[31m│   │   │   └── [32mb44983481138099d38f1b4c6fc54e1bb35a7b8[0m
[31m│   │   ├── [34m01[0m
[31m│   │   │   └── [32m0e1cf9eb185c1edb1ae5d89b81c6c0977c03ab[0m
[31m│   │   ├── [34m55[0m
[31m│   │   │   └── [32me6279f3f939cf966792e3496d46fb219930c89[0m
[31m│   │   ├── [34m0f[0m
[31m│   │   │   └── [32m8971bd9942a347ea402b0b5e5979b0405e1e30[0m
[31m│   │   ├── [34md3[0m
[31m│   │   │   └── [32mc242825455efc4340564fe94b02021f3c4bfca[0m
[31m│   │   ├── [34ma0[0m
[31m│   │   │   └── [32m1ab351736b07fcffc1e26963d4821dfacb8398[0m
[31m│   │   ├── [34ma7[0m
[31m│   │   │   └── [32m53958a9a770f18fbfd9dd5600273b37f91c11f[0m
[31m│   │   ├── [34mdd[0m
[31m│   │   │   └── [32me806c93b68661ef3624bbe1f3909af02406fb0[0m
[31m│   │   ├── [34md5[0m
[31m│   │   │   ├── [32m62950fdb1072e09dd436b0b00b1424f6ef26fe[0m
[31m│   │   │   └── [32mb27190c5d8fe67cfa4913fe9808e13e889fe89[0m
[31m│   │   ├── [34md2[0m
[31m│   │   │   ├── [32m8ec90f746317c53ed9301c39f543b415865024[0m
[31m│   │   │   └── [32m98a482db718d0159412485fedab1b752a251d9[0m
[31m│   │   ├── [34maa[0m
[31m│   │   │   └── [32mfaaa6d5085c1804e5e228e3d3f627d2a782e61[0m
[31m│   │   ├── [34ma8[0m
[31m│   │   │   └── [32m54baa3791d986e4a364884a692b34755174407[0m
[31m│   │   ├── [34mb0[0m
[31m│   │   │   └── [32m3cbef196a4a4c2a18cad6a6112a97fb7ab2a7f[0m
[31m│   │   ├── [34mef[0m
[31m│   │   │   └── [32mbd72a98409bc226542309c6489e7d388aac6f3[0m
[31m│   │   ├── [34me1[0m
[31m│   │   │   └── [32m414b9a27b5b86c1793a5fd1a2a98888c8ea44a[0m
[31m│   │   ├── [34mcc[0m
[31m│   │   │   └── [32m13233786d42be7ad805906a84d80095091806b[0m
[31m│   │   ├── [34me6[0m
[31m│   │   │   ├── [32mf9c79cf41b840c0ae67e13614b934a2a789279[0m
[31m│   │   │   └── [32mce155e10f1e57ca369271ae74482b884347c81[0m
[31m│   │   ├── [34mf0[0m
[31m│   │   │   └── [32mdc620236643f43197769e9ea452a779cf5249d[0m
[31m│   │   ├── [34mfa[0m
[31m│   │   │   └── [32m28824bc558dc8cb2cabc529bd9b1a5b630b2e4[0m
[31m│   │   ├── [34mc5[0m
[31m│   │   │   ├── [32m5bc5c1096217c4d85d324fc6c6246b28d15d02[0m
[31m│   │   │   └── [32m4c29d4a3c53d3a974b1f7cc6a80965a7e42831[0m
[31m│   │   ├── [34mf6[0m
[31m│   │   │   └── [32mc1dd0140091bd4a7cc27aad3e1b5b4a0642180[0m
[31m│   │   ├── [34me7[0m
[31m│   │   │   └── [32m21bfae0e4bce34bfd886c8f34f0a43d1d3e297[0m
[31m│   │   ├── [34mf8[0m
[31m│   │   │   └── [32maf87607390060530c7dcdd5389777a21e51905[0m
[31m│   │   ├── [34m41[0m
[31m│   │   │   ├── [32m5e27acccc7123d8a1864e12f423b06917717e9[0m
[31m│   │   │   └── [32ma00cfa6baa8652c5b947a83f0300353d607749[0m
[31m│   │   ├── [34m1b[0m
[31m│   │   │   └── [32m9df24f9acf1991096da996f2604a7795d0548c[0m
[31m│   │   ├── [34m70[0m
[31m│   │   │   └── [32m43593f6f45a5818bac15f737104b42db5c7f22[0m
[31m│   │   ├── [34m84[0m
[31m│   │   │   └── [32m80feabcc20f1445dcf709c4a2ac56d9b817e0d[0m
[31m│   │   ├── [34m4a[0m
[31m│   │   │   └── [32m409f730ebcdc71117d0a93dc2728970860403a[0m
[31m│   │   ├── [34m23[0m
[31m│   │   │   └── [32m330fade448495b6de6eea428a9c094850d3981[0m
[31m│   │   ├── [34m4f[0m
[31m│   │   │   └── [32m069ff5b07946e906e38c4723f3f8126247e7f6[0m
[31m│   │   ├── [34m8d[0m
[31m│   │   │   └── [32m5c3e69dc538c790da02ffb22674026c14326af[0m
[31m│   │   ├── [34m1d[0m
[31m│   │   │   ├── [32m385316d89135fe9d56a17bccca1423c40ee40f[0m
[31m│   │   │   └── [32md1726b5a3024971c55a24f362d84c448784ed6[0m
[31m│   │   ├── [34m71[0m
[31m│   │   │   └── [32m5dde02a154e818b07a5c7f14604e55dbdd9d93[0m
[31m│   │   ├── [34m49[0m
[31m│   │   │   └── [32m446adafefee3532aa374947eccaa0648caa0b1[0m
[31m│   │   ├── [34m40[0m
[31m│   │   │   ├── [32mbff5108aaa72dea2e3b8e51b20c228dbf6dee5[0m
[31m│   │   │   ├── [32m662b9f1f8b0457530377d1ab05898db5967a38[0m
[31m│   │   │   └── [32me99270f6606a48f168695960b387dee7e6adf2[0m
[31m│   │   ├── [34m47[0m
[31m│   │   │   └── [32mbc311a3c0f20dcf1700a46a9d30df99309d54e[0m
[31m│   │   ├── [34m13[0m
[31m│   │   │   └── [32mb27e1325431b9874905f2f77c53a5d602a43d8[0m
[31m│   │   ├── [34m7a[0m
[31m│   │   │   └── [32m66d2054794646472ee0127bfa1159dd661b24c[0m
[31m│   │   ├── [34m14[0m
[31m│   │   │   └── [32m0f78e346a76f777efff9fec24a96f86a941a23[0m
[31m│   │   ├── [34m8e[0m
[31m│   │   │   └── [32m1969aa17e5b94bb2c157aa08f317b4f51aa8ae[0m
[31m│   │   └── [34m25[0m
[31m│   │       ├── [32m1e4940ee55b69ace6154ab27f19b41ead3a4e5[0m
[31m│   │       ├── [32m25eb3aca624e008cb0c0745ecb518b064c294b[0m
[31m│   │       └── [32md55f4ae2a585a183a3f0e0b336c3f3e59b6326[0m
[31m│   ├── [32mHEAD[0m
[31m│   ├── [34minfo[0m
[31m│   │   └── [32mexclude[0m
[31m│   ├── [34mlogs[0m
[31m│   │   ├── [32mHEAD[0m
[31m│   │   └── [34mrefs[0m
[31m│   │       ├── [34mheads[0m
[31m│   │       │   └── [32mmain[0m
[31m│   │       └── [34mremotes[0m
[31m│   │           └── [34morigin[0m
[31m│   │               └── [32mHEAD[0m
[31m│   ├── [32mdescription[0m
[31m│   ├── [34mhooks[0m
[31m│   │   ├── [32mcommit-msg.sample[0m
[31m│   │   ├── [32mpre-rebase.sample[0m
[31m│   │   ├── [32msendemail-validate.sample[0m
[31m│   │   ├── [32mpre-commit.sample[0m
[31m│   │   ├── [32mapplypatch-msg.sample[0m
[31m│   │   ├── [32mfsmonitor-watchman.sample[0m
[31m│   │   ├── [32mpre-receive.sample[0m
[31m│   │   ├── [32mprepare-commit-msg.sample[0m
[31m│   │   ├── [32mpost-update.sample[0m
[31m│   │   ├── [32mpre-merge-commit.sample[0m
[31m│   │   ├── [32mpre-applypatch.sample[0m
[31m│   │   ├── [32mpre-push.sample[0m
[31m│   │   ├── [32mupdate.sample[0m
[31m│   │   └── [32mpush-to-checkout.sample[0m
[31m│   ├── [34mrefs[0m
[31m│   │   ├── [34mheads[0m
[31m│   │   │   └── [32mmain[0m
[31m│   │   ├── [34mtags[0m
[31m│   │   └── [34mremotes[0m
[31m│   │       └── [34morigin[0m
[31m│   │           └── [32mHEAD[0m
[31m│   ├── [32mindex[0m
[31m│   ├── [32mpacked-refs[0m
[31m│   ├── [32mCOMMIT_EDITMSG[0m
[31m│   └── [32mFETCH_HEAD[0m
[31m├── [32mLICENSE.txt[0m
[31m├── [32mtree.out[0m
[31m└── [34msrc[0m
[31m    └── [34mpython[0m
[31m        ├── [32mexample1.out[0m
[31m        ├── [32mtreehue.py[0m
[31m        ├── [32m__init__.py[0m
[31m        ├── [34m__pycache__[0m
[31m        │   ├── [32mtreehue.cpython-39.pyc[0m
[31m        │   ├── [32mtree_colored.cpython-39.pyc[0m
[31m        │   └── [32mtreehue_colored.cpython-39.pyc[0m
[31m        ├── [32mexample.out[0m
[31m        └── [32mtreehue_colored.py[0m
[33m
147 directories, 209 files
[0m[91m#################################################
[0m[91mGenerated with tree_colored @ 2024 - © Jean Gomes
[0m[91m#################################################
[0m